#
# There is insufficient memory for the Java Runtime Environment to continue.
# Native memory allocation (mmap) failed to map 132120576 bytes for G1 virtual space
# Possible reasons:
#   The system is out of physical RAM or swap space
#   The process is running with CompressedOops enabled, and the Java Heap may be blocking the growth of the native heap
# Possible solutions:
#   Reduce memory load on the system
#   Increase physical memory or swap space
#   Check if swap backing store is full
#   Decrease Java heap size (-Xmx/-Xms)
#   Decrease number of Java threads
#   Decrease Java thread stack sizes (-Xss)
#   Set larger code cache with -XX:ReservedCodeCacheSize=
#   JVM is running with Unscaled Compressed Oops mode in which the Java heap is
#     placed in the first 4GB address space. The Java Heap base address is the
#     maximum limit for the native heap growth. Please use -XX:HeapBaseMinAddress
#     to set the Java Heap base and to place the Java Heap above 4GB virtual address.
# This output file may be truncated or incomplete.
#
#  Out of Memory Error (./open/src/hotspot/os/windows/os_windows.cpp:3472), pid=8128, tid=18156
#
# JRE version:  (15.0+36) (build )
# Java VM: Java HotSpot(TM) 64-Bit Server VM (15+36-1562, mixed mode, sharing, tiered, compressed oops, g1 gc, windows-amd64)
# No core dump will be written. Minidumps are not enabled by default on client versions of Windows
#

---------------  S U M M A R Y ------------

Command Line: -Dfile.encoding=Cp1252 -XX:+ShowCodeDetailsInExceptionMessages First

Host: Intel(R) Core(TM) i5-8300H CPU @ 2.30GHz, 8 cores, 7G,  Windows 10 , 64 bit Build 19041 (10.0.19041.1023)
Time: Sun Jun 27 17:01:45 2021 Egypt Standard Time elapsed time: 0.337096 seconds (0d 0h 0m 0s)

---------------  T H R E A D  ---------------

Current thread (0x000002394d75e0c0):  JavaThread "Unknown thread" [_thread_in_vm, id=18156, stack(0x000000c1e3e00000,0x000000c1e3f00000)]

Stack: [0x000000c1e3e00000,0x000000c1e3f00000]
Native frames: (J=compiled Java code, j=interpreted, Vv=VM code, C=native code)
V  [jvm.dll+0x629eaa]
V  [jvm.dll+0x780379]
V  [jvm.dll+0x781ad3]
V  [jvm.dll+0x782133]
V  [jvm.dll+0x2159d5]
V  [jvm.dll+0x627299]
V  [jvm.dll+0x61bdd5]
V  [jvm.dll+0x2cf96d]
V  [jvm.dll+0x2cf7d2]
V  [jvm.dll+0x2d57ac]
V  [jvm.dll+0x32523a]
V  [jvm.dll+0x324904]
V  [jvm.dll+0x2a68ea]
V  [jvm.dll+0x2a7a88]
V  [jvm.dll+0x75d0f1]
V  [jvm.dll+0x333af4]
V  [jvm.dll+0x73d816]
V  [jvm.dll+0x3b68e7]
V  [jvm.dll+0x3b8371]
C  [jli.dll+0x52fb]
C  [ucrtbase.dll+0x21bb2]
C  [KERNEL32.DLL+0x17034]
C  [ntdll.dll+0x52651]


---------------  P R O C E S S  ---------------

Threads class SMR info:
_java_thread_list=0x00007ffadcd22fa0, length=0, elements={
}

Java Threads: ( => current thread )

Other Threads:
  0x000002394d79c290 GCTaskThread "GC Thread#0" [stack: 0x000000c1e3f00000,0x000000c1e4000000] [id=10960]
  0x000002394d7b14c0 ConcurrentGCThread "G1 Main Marker" [stack: 0x000000c1e4000000,0x000000c1e4100000] [id=12576]
  0x000002394d7b1d80 ConcurrentGCThread "G1 Conc#0" [stack: 0x000000c1e4100000,0x000000c1e4200000] [id=13472]

[error occurred during error reporting (printing all threads), id 0xc0000005, EXCEPTION_ACCESS_VIOLATION (0xc0000005) at pc=0x00007ffadc5177b7]

VM state: not at safepoint (not fully initialized)

VM Mutex/Monitor currently owned by a thread:  ([mutex/lock_event])
[0x000002394d7599c0] Heap_lock - owner thread: 0x000002394d75e0c0

Heap address: 0x0000000082600000, size: 2010 MB, Compressed Oops mode: 32-bit
CDS archive(s) mapped at: [0x0000000000000000-0x0000000000000000-0x0000000000000000), size 0, SharedBaseAddress: 0x0000000800000000, ArchiveRelocationMode: 0.
Narrow klass base: 0x0000000000000000, Narrow klass shift: 0, Narrow klass range: 0x0

Heap:
 garbage-first heap   total 129024K, used 0K [0x0000000082600000, 0x0000000100000000)
  region size 1024K, 0 young (0K), 0 survivors (0K)
 Metaspace       used 0K, capacity 0K, committed 0K, reserved 0K
  class space    used 0K, capacity 0K, committed 0K, reserved 0K

Heap Regions: E=young(eden), S=young(survivor), O=old, HS=humongous(starts), HC=humongous(continues), CS=collection set, F=free, OA=open archive, CA=closed archive, TAMS=top-at-mark-start (previous, next)

Card table byte_map: [0x00000239650c0000,0x00000239654b0000] _byte_map_base: 0x0000023964cad000

Marking Bits (Prev, Next): (CMBitMap*) 0x000002394d7a0780, (CMBitMap*) 0x000002394d7a07c0
 Prev Bits: [0x00000239658a0000, 0x0000023967808000)
 Next Bits: [0x0000023967810000, 0x0000023969778000)

GC Heap History (0 events):
No events

Deoptimization events (0 events):
No events

Classes unloaded (0 events):
No events

Classes redefined (0 events):
No events

Internal exceptions (0 events):
No events

Events (1 events):
Event: 0.005 Loaded shared library F:\programs\eclipse\jre\bin\java.dll


Dynamic libraries:
0x00007ff759260000 - 0x00007ff75926f000 	F:\programs\eclipse\jre\bin\javaw.exe
0x00007ffb36f30000 - 0x00007ffb37125000 	C:\WINDOWS\SYSTEM32\ntdll.dll
0x00007ffb35e40000 - 0x00007ffb35efd000 	C:\WINDOWS\System32\KERNEL32.DLL
0x00007ffb34b70000 - 0x00007ffb34e38000 	C:\WINDOWS\System32\KERNELBASE.dll
0x00007ffb348d0000 - 0x00007ffb349d0000 	C:\WINDOWS\System32\ucrtbase.dll
0x00007ffb2f820000 - 0x00007ffb2f838000 	F:\programs\eclipse\jre\bin\jli.dll
0x00007ffb2f880000 - 0x00007ffb2f899000 	F:\programs\eclipse\jre\bin\VCRUNTIME140.dll
0x00007ffb351b0000 - 0x00007ffb3525c000 	C:\WINDOWS\System32\ADVAPI32.dll
0x00007ffb362a0000 - 0x00007ffb3633e000 	C:\WINDOWS\System32\msvcrt.dll
0x00007ffb35ad0000 - 0x00007ffb35b6b000 	C:\WINDOWS\System32\sechost.dll
0x00007ffb34fa0000 - 0x00007ffb350cb000 	C:\WINDOWS\System32\RPCRT4.dll
0x00007ffb35260000 - 0x00007ffb35400000 	C:\WINDOWS\System32\USER32.dll
0x00007ffb34850000 - 0x00007ffb34872000 	C:\WINDOWS\System32\win32u.dll
0x00007ffb35f00000 - 0x00007ffb35f2a000 	C:\WINDOWS\System32\GDI32.dll
0x00007ffb0ad90000 - 0x00007ffb0b02a000 	C:\WINDOWS\WinSxS\amd64_microsoft.windows.common-controls_6595b64144ccf1df_6.0.19041.1052_none_60b8f8fd71f5e8cb\COMCTL32.dll
0x00007ffb346a0000 - 0x00007ffb347ab000 	C:\WINDOWS\System32\gdi32full.dll
0x00007ffb347b0000 - 0x00007ffb3484d000 	C:\WINDOWS\System32\msvcp_win.dll
0x00007ffb2e3b0000 - 0x00007ffb2e3ba000 	C:\WINDOWS\SYSTEM32\VERSION.dll
0x00007ffb35a10000 - 0x00007ffb35a40000 	C:\WINDOWS\System32\IMM32.DLL
0x00007ffb2f810000 - 0x00007ffb2f81c000 	F:\programs\eclipse\jre\bin\vcruntime140_1.dll
0x00007ffb23070000 - 0x00007ffb23101000 	F:\programs\eclipse\jre\bin\msvcp140.dll
0x00007ffadc260000 - 0x00007ffadcdbc000 	F:\programs\eclipse\jre\bin\server\jvm.dll
0x00007ffb35b70000 - 0x00007ffb35b78000 	C:\WINDOWS\System32\PSAPI.DLL
0x00007ffb1beb0000 - 0x00007ffb1beb9000 	C:\WINDOWS\SYSTEM32\WSOCK32.dll
0x00007ffb1a980000 - 0x00007ffb1a9a7000 	C:\WINDOWS\SYSTEM32\WINMM.dll
0x00007ffb36dc0000 - 0x00007ffb36e2b000 	C:\WINDOWS\System32\WS2_32.dll
0x00007ffb32f70000 - 0x00007ffb32f82000 	C:\WINDOWS\SYSTEM32\kernel.appcore.dll
0x00007ffb2f7c0000 - 0x00007ffb2f7ca000 	F:\programs\eclipse\jre\bin\jimage.dll
0x00007ffb32530000 - 0x00007ffb32714000 	C:\WINDOWS\SYSTEM32\DBGHELP.DLL
0x00007ffb2b620000 - 0x00007ffb2b64c000 	C:\WINDOWS\SYSTEM32\dbgcore.DLL
0x00007ffb349d0000 - 0x00007ffb34a53000 	C:\WINDOWS\System32\bcryptPrimitives.dll
0x00007ffb22eb0000 - 0x00007ffb22ed5000 	F:\programs\eclipse\jre\bin\java.dll

dbghelp: loaded successfully - version: 4.0.5 - missing functions: none
symbol engine: initialized successfully - sym options: 0x614 - pdb path: .;F:\programs\eclipse\jre\bin;C:\WINDOWS\SYSTEM32;C:\WINDOWS\WinSxS\amd64_microsoft.windows.common-controls_6595b64144ccf1df_6.0.19041.1052_none_60b8f8fd71f5e8cb;F:\programs\eclipse\jre\bin\server

VM Arguments:
jvm_args: -Dfile.encoding=Cp1252 -XX:+ShowCodeDetailsInExceptionMessages 
java_command: First
java_class_path (initial): C:\Users\DELL\eclipse-workspace\EmpireM2\bin;F:\programs\eclipse\plugins\org.junit_4.13.0.v20200204-1500.jar;F:\programs\eclipse\plugins\org.hamcrest.core_1.3.0.v20180420-1519.jar
Launcher Type: SUN_STANDARD

[Global flags]
     intx CICompilerCount                          = 4                                         {product} {ergonomic}
     uint ConcGCThreads                            = 2                                         {product} {ergonomic}
     uint G1ConcRefinementThreads                  = 8                                         {product} {ergonomic}
   size_t G1HeapRegionSize                         = 1048576                                   {product} {ergonomic}
    uintx GCDrainStackTargetSize                   = 64                                        {product} {ergonomic}
   size_t InitialHeapSize                          = 132120576                                 {product} {ergonomic}
   size_t MarkStackSize                            = 4194304                                   {product} {ergonomic}
   size_t MaxHeapSize                              = 2107637760                                {product} {ergonomic}
   size_t MinHeapDeltaBytes                        = 1048576                                   {product} {ergonomic}
   size_t MinHeapSize                              = 8388608                                   {product} {ergonomic}
    uintx NonNMethodCodeHeapSize                   = 5839372                                {pd product} {ergonomic}
    uintx NonProfiledCodeHeapSize                  = 122909434                              {pd product} {ergonomic}
    uintx ProfiledCodeHeapSize                     = 122909434                              {pd product} {ergonomic}
    uintx ReservedCodeCacheSize                    = 251658240                              {pd product} {ergonomic}
     bool SegmentedCodeCache                       = true                                      {product} {ergonomic}
     bool ShowCodeDetailsInExceptionMessages       = true                                   {manageable} {command line}
   size_t SoftMaxHeapSize                          = 2107637760                             {manageable} {ergonomic}
     bool UseCompressedClassPointers               = true                                 {lp64_product} {ergonomic}
     bool UseCompressedOops                        = true                                 {lp64_product} {ergonomic}
     bool UseG1GC                                  = true                                      {product} {ergonomic}
     bool UseLargePagesIndividualAllocation        = false                                  {pd product} {ergonomic}

Logging:
Log output configuration:
 #0: stdout all=warning uptime,level,tags
 #1: stderr all=off uptime,level,tags

Environment Variables:
PATH=F:/programs/eclipse/jre/bin/server;F:/programs/eclipse/jre/bin;C:\Program Files (x86)\Common Files\Oracle\Java\javapath;C:\Windows\system32;C:\Windows;C:\Windows\System32\Wbem;C:\Windows\System32\WindowsPowerShell\v1.0\;C:\Windows\System32\OpenSSH\;C:\Program Files (x86)\NVIDIA Corporation\PhysX\Common;C:\Program Files\NVIDIA Corporation\NVIDIA NvDLISR;C:\WINDOWS\system32;C:\WINDOWS;C:\WINDOWS\System32\Wbem;C:\WINDOWS\System32\WindowsPowerShell\v1.0\;C:\WINDOWS\System32\OpenSSH\;C:\Users\DELL\AppData\Local\Microsoft\WindowsApps;;F:\programs\eclipse;
USERNAME=DELL
OS=Windows_NT
PROCESSOR_IDENTIFIER=Intel64 Family 6 Model 158 Stepping 10, GenuineIntel



---------------  S Y S T E M  ---------------

OS:
 Windows 10 , 64 bit Build 19041 (10.0.19041.1023)
OS uptime: 0 days 18:19 hours

CPU: total 8 (initial active 8) (4 cores per cpu, 2 threads per core) family 6 model 158 stepping 10, cmov, cx8, fxsr, mmx, sse, sse2, sse3, ssse3, sse4.1, sse4.2, popcnt, vzeroupper, avx, avx2, aes, clmul, erms, 3dnowpref, lzcnt, ht, tsc, tscinvbit, bmi1, bmi2, adx, fma, clflush, clflushopt

Memory: 4k page, system-wide physical 8035M (436M free)
TotalPageFile size 23151M (AvailPageFile size 17M)
current process WorkingSet (physical memory assigned to process): 10M, peak: 10M
current process commit charge ("private bytes"): 60M, peak: 186M

vm_info: Java HotSpot(TM) 64-Bit Server VM (15+36-1562) for windows-amd64 JRE (15+36-1562), built on Aug 11 2020 22:38:02 by "mach5one" with unknown MS VC++:1925

END.
